# JRE version: Java(TM) SE Runtime Environment (8.0_144-b01) (build 1.8.0_144-b01)
# Java VM: Java HotSpot(TM) 64-Bit Server VM (25.144-b01 mixed mode windows-amd64 compressed oops)
Heap:
 PSYoungGen      total 68608K, used 49801K [0x00000000d5f00000, 0x00000000dae80000, 0x0000000100000000)
  eden space 55808K, 76% used [0x00000000d5f00000,0x00000000d88e8908,0x00000000d9580000)
  from space 12800K, 53% used [0x00000000da200000,0x00000000da8b9d10,0x00000000dae80000)
  to   space 12800K, 0% used [0x00000000d9580000,0x00000000d9580000,0x00000000da200000)
 ParOldGen       total 66560K, used 14337K [0x0000000081c00000, 0x0000000085d00000, 0x00000000d5f00000)
  object space 66560K, 21% used [0x0000000081c00000,0x0000000082a00718,0x0000000085d00000)
 Metaspace       used 30220K, capacity 30586K, committed 30976K, reserved 1077248K
  class space    used 3954K, capacity 4053K, committed 4096K, reserved 1048576K
GC Heap History (10 events):
Event: 10.381 GC heap before
{Heap before GC invocations=3 (full 0):
 PSYoungGen      total 38400K, used 38382K [0x00000000d5f00000, 0x00000000d8980000, 0x0000000100000000)
  eden space 33280K, 100% used [0x00000000d5f00000,0x00000000d7f80000,0x00000000d7f80000)
  from space 5120K, 99% used [0x00000000d8480000,0x00000000d897bbc8,0x00000000d8980000)
  to   space 5120K, 0% used [0x00000000d7f80000,0x00000000d7f80000,0x00000000d8480000)
 ParOldGen       total 87552K, used 4472K [0x0000000081c00000, 0x0000000087180000, 0x00000000d5f00000)
  object space 87552K, 5% used [0x0000000081c00000,0x000000008205e338,0x0000000087180000)
 Metaspace       used 20231K, capacity 20552K, committed 20864K, reserved 1067008K
  class space    used 2586K, capacity 2669K, committed 2688K, reserved 1048576K
Event: 10.391 GC heap after
Heap after GC invocations=3 (full 0):
 PSYoungGen      total 38400K, used 5108K [0x00000000d5f00000, 0x00000000d8980000, 0x0000000100000000)
  eden space 33280K, 0% used [0x00000000d5f00000,0x00000000d5f00000,0x00000000d7f80000)
  from space 5120K, 99% used [0x00000000d7f80000,0x00000000d847d220,0x00000000d8480000)
  to   space 5120K, 0% used [0x00000000d8480000,0x00000000d8480000,0x00000000d8980000)
 ParOldGen       total 87552K, used 11399K [0x0000000081c00000, 0x0000000087180000, 0x00000000d5f00000)
  object space 87552K, 13% used [0x0000000081c00000,0x0000000082721de0,0x0000000087180000)
 Metaspace       used 20231K, capacity 20552K, committed 20864K, reserved 1067008K
  class space    used 2586K, capacity 2669K, committed 2688K, reserved 1048576K
}
Event: 10.501 GC heap before
{Heap before GC invocations=4 (full 0):
 PSYoungGen      total 38400K, used 7861K [0x00000000d5f00000, 0x00000000d8980000, 0x0000000100000000)
  eden space 33280K, 8% used [0x00000000d5f00000,0x00000000d61b02f0,0x00000000d7f80000)
  from space 5120K, 99% used [0x00000000d7f80000,0x00000000d847d220,0x00000000d8480000)
  to   space 5120K, 0% used [0x00000000d8480000,0x00000000d8480000,0x00000000d8980000)
 ParOldGen       total 87552K, used 11399K [0x0000000081c00000, 0x0000000087180000, 0x00000000d5f00000)
  object space 87552K, 13% used [0x0000000081c00000,0x0000000082721de0,0x0000000087180000)
 Metaspace       used 20822K, capacity 21070K, committed 21248K, reserved 1067008K
  class space    used 2681K, capacity 2734K, committed 2816K, reserved 1048576K
Event: 10.508 GC heap after
Heap after GC invocations=4 (full 0):
 PSYoungGen      total 38400K, used 5110K [0x00000000d5f00000, 0x00000000daa00000, 0x0000000100000000)
  eden space 33280K, 0% used [0x00000000d5f00000,0x00000000d5f00000,0x00000000d7f80000)
  from space 5120K, 99% used [0x00000000d8480000,0x00000000d897d900,0x00000000d8980000)
  to   space 5120K, 0% used [0x00000000d7f80000,0x00000000d7f80000,0x00000000d8480000)
 ParOldGen       total 87552K, used 11571K [0x0000000081c00000, 0x0000000087180000, 0x00000000d5f00000)
  object space 87552K, 13% used [0x0000000081c00000,0x000000008274cd58,0x0000000087180000)
 Metaspace       used 20822K, capacity 21070K, committed 21248K, reserved 1067008K
  class space    used 2681K, capacity 2734K, committed 2816K, reserved 1048576K
}
Event: 10.508 GC heap before
{Heap before GC invocations=5 (full 1):
 PSYoungGen      total 38400K, used 5110K [0x00000000d5f00000, 0x00000000daa00000, 0x0000000100000000)
  eden space 33280K, 0% used [0x00000000d5f00000,0x00000000d5f00000,0x00000000d7f80000)
  from space 5120K, 99% used [0x00000000d8480000,0x00000000d897d900,0x00000000d8980000)
  to   space 5120K, 0% used [0x00000000d7f80000,0x00000000d7f80000,0x00000000d8480000)
 ParOldGen       total 87552K, used 11571K [0x0000000081c00000, 0x0000000087180000, 0x00000000d5f00000)
  object space 87552K, 13% used [0x0000000081c00000,0x000000008274cd58,0x0000000087180000)
 Metaspace       used 20822K, capacity 21070K, committed 21248K, reserved 1067008K
  class space    used 2681K, capacity 2734K, committed 2816K, reserved 1048576K
Event: 10.580 GC heap after
Heap after GC invocations=5 (full 1):
 PSYoungGen      total 38400K, used 0K [0x00000000d5f00000, 0x00000000daa00000, 0x0000000100000000)
  eden space 33280K, 0% used [0x00000000d5f00000,0x00000000d5f00000,0x00000000d7f80000)
  from space 5120K, 0% used [0x00000000d8480000,0x00000000d8480000,0x00000000d8980000)
  to   space 5120K, 0% used [0x00000000d7f80000,0x00000000d7f80000,0x00000000d8480000)
 ParOldGen       total 66560K, used 14321K [0x0000000081c00000, 0x0000000085d00000, 0x00000000d5f00000)
  object space 66560K, 21% used [0x0000000081c00000,0x00000000829fc718,0x0000000085d00000)
 Metaspace       used 20822K, capacity 21070K, committed 21248K, reserved 1067008K
  class space    used 2681K, capacity 2734K, committed 2816K, reserved 1048576K
}
Event: 11.842 GC heap before
{Heap before GC invocations=6 (full 1):
 PSYoungGen      total 38400K, used 33280K [0x00000000d5f00000, 0x00000000daa00000, 0x0000000100000000)
  eden space 33280K, 100% used [0x00000000d5f00000,0x00000000d7f80000,0x00000000d7f80000)
  from space 5120K, 0% used [0x00000000d8480000,0x00000000d8480000,0x00000000d8980000)
  to   space 5120K, 0% used [0x00000000d7f80000,0x00000000d7f80000,0x00000000d8480000)
 ParOldGen       total 66560K, used 14321K [0x0000000081c00000, 0x0000000085d00000, 0x00000000d5f00000)
  object space 66560K, 21% used [0x0000000081c00000,0x00000000829fc718,0x0000000085d00000)
 Metaspace       used 23276K, capacity 23608K, committed 23936K, reserved 1071104K
  class space    used 3020K, capacity 3104K, committed 3200K, reserved 1048576K
Event: 11.845 GC heap after
Heap after GC invocations=6 (full 1):
 PSYoungGen      total 38400K, used 4897K [0x00000000d5f00000, 0x00000000daf00000, 0x0000000100000000)
  eden space 33280K, 0% used [0x00000000d5f00000,0x00000000d5f00000,0x00000000d7f80000)
  from space 5120K, 95% used [0x00000000d7f80000,0x00000000d84485e8,0x00000000d8480000)
  to   space 13312K, 0% used [0x00000000da200000,0x00000000da200000,0x00000000daf00000)
 ParOldGen       total 66560K, used 14329K [0x0000000081c00000, 0x0000000085d00000, 0x00000000d5f00000)
  object space 66560K, 21% used [0x0000000081c00000,0x00000000829fe718,0x0000000085d00000)
 Metaspace       used 23276K, capacity 23608K, committed 23936K, reserved 1071104K
  class space    used 3020K, capacity 3104K, committed 3200K, reserved 1048576K
}
Event: 12.170 GC heap before
{Heap before GC invocations=7 (full 1):
 PSYoungGen      total 38400K, used 38177K [0x00000000d5f00000, 0x00000000daf00000, 0x0000000100000000)
  eden space 33280K, 100% used [0x00000000d5f00000,0x00000000d7f80000,0x00000000d7f80000)
  from space 5120K, 95% used [0x00000000d7f80000,0x00000000d84485e8,0x00000000d8480000)
  to   space 13312K, 0% used [0x00000000da200000,0x00000000da200000,0x00000000daf00000)
 ParOldGen       total 66560K, used 14329K [0x0000000081c00000, 0x0000000085d00000, 0x00000000d5f00000)
  object space 66560K, 21% used [0x0000000081c00000,0x00000000829fe718,0x0000000085d00000)
 Metaspace       used 26536K, capacity 26854K, committed 27264K, reserved 1073152K
  class space    used 3567K, capacity 3653K, committed 3712K, reserved 1048576K
Event: 12.175 GC heap after
Heap after GC invocations=7 (full 1):
 PSYoungGen      total 68608K, used 6887K [0x00000000d5f00000, 0x00000000dae80000, 0x0000000100000000)
  eden space 55808K, 0% used [0x00000000d5f00000,0x00000000d5f00000,0x00000000d9580000)
  from space 12800K, 53% used [0x00000000da200000,0x00000000da8b9d10,0x00000000dae80000)
  to   space 12800K, 0% used [0x00000000d9580000,0x00000000d9580000,0x00000000da200000)
 ParOldGen       total 66560K, used 14337K [0x0000000081c00000, 0x0000000085d00000, 0x00000000d5f00000)
  object space 66560K, 21% used [0x0000000081c00000,0x0000000082a00718,0x0000000085d00000)
 Metaspace       used 26536K, capacity 26854K, committed 27264K, reserved 1073152K
  class space    used 3567K, capacity 3653K, committed 3712K, reserved 1048576K
}

